<?xml version="1.0" encoding="UTF-8"?>
<testng-results ignored="0" total="1" passed="1" failed="0" skipped="0">
  <reporter-output>
  </reporter-output>
  <suite started-at="2025-10-11T23:31:52 PKT" name="Default suite" finished-at="2025-10-11T23:31:55 PKT" duration-ms="3157">
    <groups>
    </groups>
    <test started-at="2025-10-11T23:31:52 PKT" name="Default test" finished-at="2025-10-11T23:31:55 PKT" duration-ms="3157">
      <class name="Requests.HeadersInfo">
        <test-method signature="GetHeaders()[pri:0, instance:Requests.HeadersInfo@7c1e2a9e]" started-at="2025-10-11T23:31:52 PKT" name="GetHeaders" finished-at="2025-10-11T23:31:55 PKT" duration-ms="3085" status="PASS">
          <reporter-output>
          </reporter-output>
        </test-method> <!-- GetHeaders -->
      </class> <!-- Requests.HeadersInfo -->
    </test> <!-- Default test -->
  </suite> <!-- Default suite -->
</testng-results>
