<?xml version="1.0" encoding="UTF-8"?>
<testng-results ignored="0" total="1" passed="1" failed="0" skipped="0">
  <reporter-output>
  </reporter-output>
  <suite started-at="2025-10-17T22:35:05 PKT" name="Default suite" finished-at="2025-10-17T22:35:08 PKT" duration-ms="2927">
    <groups>
    </groups>
    <test started-at="2025-10-17T22:35:05 PKT" name="Default test" finished-at="2025-10-17T22:35:08 PKT" duration-ms="2927">
      <class name="Requests.ParsingJsonResponse">
        <test-method signature="TestJsonResponseSingleBodyData()[pri:0, instance:Requests.ParsingJsonResponse@3f56875e]" started-at="2025-10-17T22:35:05 PKT" name="TestJsonResponseSingleBodyData" finished-at="2025-10-17T22:35:08 PKT" duration-ms="2836" status="PASS">
          <reporter-output>
          </reporter-output>
        </test-method> <!-- TestJsonResponseSingleBodyData -->
      </class> <!-- Requests.ParsingJsonResponse -->
    </test> <!-- Default test -->
  </suite> <!-- Default suite -->
</testng-results>
